[0.319][INFO]: COMMAND InitSession {
   "capabilities": {
      "alwaysMatch": {
         "browserName": "chrome",
         "platformName": "any"
      },
      "firstMatch": [ {

      } ]
   },
   "desiredCapabilities": {
      "browserName": "chrome",
      "chromeOptions": {
         "args": [ "--headless", "--no-sandbox", "--disable-setuid-sandbox", "--window-size=1200x600", "--ignore-certificate-errors", "--log-path=chromedriver.log" ],
         "extensions": [  ]
      },
      "platform": "ANY",
      "version": ""
   }
}
[0.323][INFO]: Populating Preferences file: {
   "alternate_error_pages": {
      "enabled": false
   },
   "autofill": {
      "enabled": false
   },
   "browser": {
      "check_default_browser": false
   },
   "distribution": {
      "import_bookmarks": false,
      "import_history": false,
      "import_search_engine": false,
      "make_chrome_default_for_user": false,
      "show_welcome_page": false,
      "skip_first_run_ui": true
   },
   "dns_prefetching": {
      "enabled": false
   },
   "profile": {
      "content_settings": {
         "pattern_pairs": {
            "https://*,*": {
               "media-stream": {
                  "audio": "Default",
                  "video": "Default"
               }
            }
         }
      },
      "default_content_setting_values": {
         "geolocation": 1
      },
      "default_content_settings": {
         "geolocation": 1,
         "mouselock": 1,
         "notifications": 1,
         "popups": 1,
         "ppapi-broker": 1
      },
      "password_manager_enabled": false
   },
   "safebrowsing": {
      "enabled": false
   },
   "search": {
      "suggest_enabled": false
   },
   "translate": {
      "enabled": false
   }
}
[0.323][INFO]: Populating Local State file: {
   "background_mode": {
      "enabled": false
   },
   "ssl": {
      "rev_checking": {
         "enabled": false
      }
   }
}
[0.328][INFO]: Launching chrome: /Applications/Google Chrome.app/Contents/MacOS/Google Chrome --disable-background-networking --disable-browser-side-navigation --disable-client-side-phishing-detection --disable-default-apps --disable-hang-monitor --disable-popup-blocking --disable-prompt-on-repost --disable-setuid-sandbox --disable-sync --disable-web-resources --enable-automation --enable-logging --force-fieldtrials=SiteIsolationExtensions/Control --headless --ignore-certificate-errors --load-extension=/var/folders/c2/3s86gbl51091jp0q_96z2v300000gn/T/.org.chromium.Chromium.teUKpT/internal --log-level=0 --log-path=chromedriver.log --metrics-recording-only --no-first-run --no-sandbox --password-store=basic --remote-debugging-port=12495 --safebrowsing-disable-auto-update --test-type=webdriver --use-mock-keychain --user-data-dir=/var/folders/c2/3s86gbl51091jp0q_96z2v300000gn/T/.org.chromium.Chromium.j2PmpH --window-size=1200x600 data:,
[0.714][INFO]: resolved localhost to ["::1","127.0.0.1"]
