1507944537431	geckodriver	INFO	geckodriver 0.19.0
1507944537494	geckodriver	INFO	Listening on 127.0.0.1:54081
1507944538522	mozrunner::runner	INFO	Running command: "/Applications/Firefox.app/Contents/MacOS/firefox-bin" "-marionette" "-profile" "/var/folders/c2/3s86gbl51091jp0q_96z2v300000gn/T/rust_mozprofile.mzvdjY1yQBeq"
1507944540478	Marionette	INFO	Listening on port 54090
1507944540588	Marionette	WARN	TLS certificate errors will be ignored for this session
1507944540744	Marionette	DEBUG	loaded listener.js
1507944540772	Marionette	DEBUG	Received DOM event "beforeunload" for "about:blank"
2017-10-13 21:29:00.821 plugin-container[21363:4199284] *** CFMessagePort: bootstrap_register(): failed 1100 (0x44c) 'Permission denied', port = 0x9c3b, name = 'com.apple.tsm.portname'
See /usr/include/servers/bootstrap_defs.h for the error codes.
2017-10-13 21:29:00.824 plugin-container[21363:4199284] *** CFMessagePort: bootstrap_register(): failed 1100 (0x44c) 'Permission denied', port = 0x9f03, name = 'com.apple.CFPasteboardClient'
See /usr/include/servers/bootstrap_defs.h for the error codes.
1507944541068	Marionette	DEBUG	Received DOM event "pagehide" for "about:blank"
1507944541069	Marionette	DEBUG	Received DOM event "unload" for "about:blank"
1507944541501	Marionette	DEBUG	Received DOM event "DOMContentLoaded" for "https://accounts.google.com/"
1507944541797	Marionette	DEBUG	Received observer notification "outer-window-destroyed" for "2147483654"
1507944541817	Marionette	DEBUG	Received DOM event "DOMContentLoaded" for "https://accounts.youtube.com/accounts/CheckConnection?pmpo=https%3A%2F%2Faccounts.google.com&v=555962768&timestamp=1507944541612"
1507944541820	Marionette	DEBUG	Received DOM event "pageshow" for "https://accounts.youtube.com/accounts/CheckConnection?pmpo=https%3A%2F%2Faccounts.google.com&v=555962768&timestamp=1507944541612"
1507944541823	Marionette	DEBUG	Received DOM event "pageshow" for "https://accounts.google.com/"
1507944543153	Marionette	DEBUG	Received DOM event "beforeunload" for "https://accounts.google.com/"
1507944548390	Marionette	DEBUG	Canceled page load listener because no navigation has been detected
JavaScript error: resource://gre/components/nsUrlClassifierListManager.js, line 287: NS_ERROR_NOT_INITIALIZED: Component returned failure code: 0xc1f30001 (NS_ERROR_NOT_INITIALIZED) [nsIUrlClassifierDBService.getTables]
JavaScript error: resource://gre/components/nsUrlClassifierListManager.js, line 287: NS_ERROR_NOT_INITIALIZED: Component returned failure code: 0xc1f30001 (NS_ERROR_NOT_INITIALIZED) [nsIUrlClassifierDBService.getTables]
1507944576825	Marionette	INFO	Ceased listening
1507944578015	geckodriver	INFO	geckodriver 0.19.0
1507944578077	geckodriver	INFO	Listening on 127.0.0.1:54172
1507944579110	mozrunner::runner	INFO	Running command: "/Applications/Firefox.app/Contents/MacOS/firefox-bin" "-marionette" "-profile" "/var/folders/c2/3s86gbl51091jp0q_96z2v300000gn/T/rust_mozprofile.OhBx7F1CAsP7"
1507944581050	Marionette	INFO	Listening on port 54181
1507944581107	Marionette	WARN	TLS certificate errors will be ignored for this session
1507944581320	Marionette	DEBUG	loaded listener.js
1507944581356	Marionette	DEBUG	Received DOM event "beforeunload" for "about:blank"
2017-10-13 21:29:41.404 plugin-container[21376:4199882] *** CFMessagePort: bootstrap_register(): failed 1100 (0x44c) 'Permission denied', port = 0x9c3b, name = 'com.apple.tsm.portname'
See /usr/include/servers/bootstrap_defs.h for the error codes.
2017-10-13 21:29:41.405 plugin-container[21376:4199882] *** CFMessagePort: bootstrap_register(): failed 1100 (0x44c) 'Permission denied', port = 0x9f03, name = 'com.apple.CFPasteboardClient'
See /usr/include/servers/bootstrap_defs.h for the error codes.
1507944581672	Marionette	DEBUG	Received DOM event "pagehide" for "about:blank"
1507944581672	Marionette	DEBUG	Received DOM event "unload" for "about:blank"
1507944582051	Marionette	DEBUG	Received DOM event "DOMContentLoaded" for "https://accounts.google.com/"
1507944582348	Marionette	DEBUG	Received observer notification "outer-window-destroyed" for "2147483654"
1507944582371	Marionette	DEBUG	Received DOM event "DOMContentLoaded" for "https://accounts.youtube.com/accounts/CheckConnection?pmpo=https%3A%2F%2Faccounts.google.com&v=-1496402498&timestamp=1507944582175"
1507944582373	Marionette	DEBUG	Received DOM event "pageshow" for "https://accounts.youtube.com/accounts/CheckConnection?pmpo=https%3A%2F%2Faccounts.google.com&v=-1496402498&timestamp=1507944582175"
1507944582377	Marionette	DEBUG	Received DOM event "pageshow" for "https://accounts.google.com/"
1507944583728	Marionette	DEBUG	Received DOM event "beforeunload" for "https://accounts.google.com/"
1507944588967	Marionette	DEBUG	Canceled page load listener because no navigation has been detected
JavaScript error: resource://gre/components/nsUrlClassifierListManager.js, line 287: NS_ERROR_NOT_INITIALIZED: Component returned failure code: 0xc1f30001 (NS_ERROR_NOT_INITIALIZED) [nsIUrlClassifierDBService.getTables]
JavaScript error: resource://gre/components/nsUrlClassifierListManager.js, line 287: NS_ERROR_NOT_INITIALIZED: Component returned failure code: 0xc1f30001 (NS_ERROR_NOT_INITIALIZED) [nsIUrlClassifierDBService.getTables]
1507944607027	Marionette	INFO	Ceased listening
1507944608121	geckodriver	INFO	geckodriver 0.19.0
1507944608202	geckodriver	INFO	Listening on 127.0.0.1:54262
1507944609215	mozrunner::runner	INFO	Running command: "/Applications/Firefox.app/Contents/MacOS/firefox-bin" "-marionette" "-profile" "/var/folders/c2/3s86gbl51091jp0q_96z2v300000gn/T/rust_mozprofile.71WEhXeDWIuQ"
1507944611092	Marionette	INFO	Listening on port 54271
1507944611178	Marionette	WARN	TLS certificate errors will be ignored for this session
1507944611362	Marionette	DEBUG	loaded listener.js
1507944611393	Marionette	DEBUG	Received DOM event "beforeunload" for "about:blank"
2017-10-13 21:30:11.446 plugin-container[21387:4200299] *** CFMessagePort: bootstrap_register(): failed 1100 (0x44c) 'Permission denied', port = 0x9c3b, name = 'com.apple.tsm.portname'
See /usr/include/servers/bootstrap_defs.h for the error codes.
2017-10-13 21:30:11.449 plugin-container[21387:4200299] *** CFMessagePort: bootstrap_register(): failed 1100 (0x44c) 'Permission denied', port = 0x9f03, name = 'com.apple.CFPasteboardClient'
See /usr/include/servers/bootstrap_defs.h for the error codes.
1507944611757	Marionette	DEBUG	Received DOM event "pagehide" for "about:blank"
1507944611757	Marionette	DEBUG	Received DOM event "unload" for "about:blank"
1507944612265	Marionette	DEBUG	Received DOM event "DOMContentLoaded" for "https://accounts.google.com/"
1507944612567	Marionette	DEBUG	Received observer notification "outer-window-destroyed" for "2147483654"
1507944612588	Marionette	DEBUG	Received DOM event "DOMContentLoaded" for "https://accounts.youtube.com/accounts/CheckConnection?pmpo=https%3A%2F%2Faccounts.google.com&v=1503993774&timestamp=1507944612379"
1507944612591	Marionette	DEBUG	Received DOM event "pageshow" for "https://accounts.youtube.com/accounts/CheckConnection?pmpo=https%3A%2F%2Faccounts.google.com&v=1503993774&timestamp=1507944612379"
1507944612594	Marionette	DEBUG	Received DOM event "pageshow" for "https://accounts.google.com/"
JavaScript error: resource://gre/components/nsUrlClassifierListManager.js, line 287: NS_ERROR_NOT_INITIALIZED: Component returned failure code: 0xc1f30001 (NS_ERROR_NOT_INITIALIZED) [nsIUrlClassifierDBService.getTables]
JavaScript error: resource://gre/components/nsUrlClassifierListManager.js, line 287: NS_ERROR_NOT_INITIALIZED: Component returned failure code: 0xc1f30001 (NS_ERROR_NOT_INITIALIZED) [nsIUrlClassifierDBService.getTables]
1507944646072	Marionette	INFO	Ceased listening
1507944647310	geckodriver	INFO	geckodriver 0.19.0
1507944647372	geckodriver	INFO	Listening on 127.0.0.1:54352
1507944648402	mozrunner::runner	INFO	Running command: "/Applications/Firefox.app/Contents/MacOS/firefox-bin" "-marionette" "-profile" "/var/folders/c2/3s86gbl51091jp0q_96z2v300000gn/T/rust_mozprofile.DrBFiCNqY07i"
1507944650278	Marionette	INFO	Listening on port 54361
1507944650367	Marionette	WARN	TLS certificate errors will be ignored for this session
1507944650550	Marionette	DEBUG	loaded listener.js
1507944650580	Marionette	DEBUG	Received DOM event "beforeunload" for "about:blank"
2017-10-13 21:30:50.634 plugin-container[21398:4200816] *** CFMessagePort: bootstrap_register(): failed 1100 (0x44c) 'Permission denied', port = 0x9c3b, name = 'com.apple.tsm.portname'
See /usr/include/servers/bootstrap_defs.h for the error codes.
2017-10-13 21:30:50.638 plugin-container[21398:4200816] *** CFMessagePort: bootstrap_register(): failed 1100 (0x44c) 'Permission denied', port = 0x9f03, name = 'com.apple.CFPasteboardClient'
See /usr/include/servers/bootstrap_defs.h for the error codes.
1507944650898	Marionette	DEBUG	Received DOM event "pagehide" for "about:blank"
1507944650898	Marionette	DEBUG	Received DOM event "unload" for "about:blank"
1507944651309	Marionette	DEBUG	Received DOM event "DOMContentLoaded" for "https://accounts.google.com/"
1507944651601	Marionette	DEBUG	Received observer notification "outer-window-destroyed" for "2147483654"
1507944651622	Marionette	DEBUG	Received DOM event "DOMContentLoaded" for "https://accounts.youtube.com/accounts/CheckConnection?pmpo=https%3A%2F%2Faccounts.google.com&v=852601727&timestamp=1507944651426"
1507944651625	Marionette	DEBUG	Received DOM event "pageshow" for "https://accounts.youtube.com/accounts/CheckConnection?pmpo=https%3A%2F%2Faccounts.google.com&v=852601727&timestamp=1507944651426"
1507944651629	Marionette	DEBUG	Received DOM event "pageshow" for "https://accounts.google.com/"
1507944652950	Marionette	DEBUG	Received DOM event "beforeunload" for "https://accounts.google.com/"
1507944653250	Marionette	DEBUG	Received DOM event "beforeunload" for "https://accounts.google.com/"
1507944653588	Marionette	DEBUG	Received DOM event "pagehide" for "https://accounts.google.com/"
1507944653591	Marionette	DEBUG	Received DOM event "unload" for "https://accounts.google.com/"
1507944653934	Marionette	DEBUG	Received observer notification "outer-window-destroyed" for "2147483653"
1507944656483	Marionette	DEBUG	Received DOM event "DOMContentLoaded" for "https://console.cloud.google.com/"
1507944656578	Marionette	DEBUG	Received DOM event "DOMContentLoaded" for "https://console.cloud.google.com/"
1507944656580	Marionette	DEBUG	Received DOM event "pageshow" for "https://console.cloud.google.com/"
1507944657057	Marionette	DEBUG	Received DOM event "DOMContentLoaded" for "https://cloudusersettings-pa.clients6.google.com/static/proxy.html?usegapi=1&jsh=m%3B%2F_%2Fscs%2Fapps-static%2F_%2Fjs%2Fk%3Doz.gapi.en.Vp0hmOnIKqA.O%2Fm%3D__features__%2Fam%3DAQ%2Frt%3Dj%2Fd%3D1%2Frs%3DAGLTcCNk08eHdQYFiFL-3A6Ef55rFY6GHQ#parent=https%3A%2F%2Fconsole.cloud.google.com&rpctoken=1119102240"
1507944657222	Marionette	DEBUG	Received DOM event "DOMContentLoaded" for "https://accounts.google.com/o/oauth2/postmessageRelay?parent=https%3A%2F%2Fconsole.cloud.google.com&jsh=m%3B%2F_%2Fscs%2Fapps-static%2F_%2Fjs%2Fk%3Doz.gapi.en.Vp0hmOnIKqA.O%2Fm%3D__features__%2Fam%3DAQ%2Frt%3Dj%2Fd%3D1%2Frs%3DAGLTcCNk08eHdQYFiFL-3A6Ef55rFY6GHQ#rpctoken=572386723&forcesecure=1"
1507944657249	Marionette	DEBUG	Received DOM event "pageshow" for "https://accounts.google.com/o/oauth2/postmessageRelay?parent=https%3A%2F%2Fconsole.cloud.google.com&jsh=m%3B%2F_%2Fscs%2Fapps-static%2F_%2Fjs%2Fk%3Doz.gapi.en.Vp0hmOnIKqA.O%2Fm%3D__features__%2Fam%3DAQ%2Frt%3Dj%2Fd%3D1%2Frs%3DAGLTcCNk08eHdQYFiFL-3A6Ef55rFY6GHQ#rpctoken=572386723&forcesecure=1"
1507944657272	Marionette	DEBUG	Received DOM event "pageshow" for "https://cloudusersettings-pa.clients6.google.com/static/proxy.html?usegapi=1&jsh=m%3B%2F_%2Fscs%2Fapps-static%2F_%2Fjs%2Fk%3Doz.gapi.en.Vp0hmOnIKqA.O%2Fm%3D__features__%2Fam%3DAQ%2Frt%3Dj%2Fd%3D1%2Frs%3DAGLTcCNk08eHdQYFiFL-3A6Ef55rFY6GHQ#parent=https%3A%2F%2Fconsole.cloud.google.com&rpctoken=1119102240"
1507944657276	Marionette	DEBUG	Received DOM event "pageshow" for "https://console.cloud.google.com/"
JavaScript error: resource://gre/components/nsUrlClassifierListManager.js, line 287: NS_ERROR_NOT_INITIALIZED: Component returned failure code: 0xc1f30001 (NS_ERROR_NOT_INITIALIZED) [nsIUrlClassifierDBService.getTables]
JavaScript error: resource://gre/components/nsUrlClassifierListManager.js, line 287: NS_ERROR_NOT_INITIALIZED: Component returned failure code: 0xc1f30001 (NS_ERROR_NOT_INITIALIZED) [nsIUrlClassifierDBService.getTables]
1507944676308	Marionette	INFO	Ceased listening
1507944677581	geckodriver	INFO	geckodriver 0.19.0
1507944677659	geckodriver	INFO	Listening on 127.0.0.1:54462
1507944678666	mozrunner::runner	INFO	Running command: "/Applications/Firefox.app/Contents/MacOS/firefox-bin" "-marionette" "-profile" "/var/folders/c2/3s86gbl51091jp0q_96z2v300000gn/T/rust_mozprofile.ELzxZ4TDkkF1"
1507944680510	Marionette	INFO	Listening on port 54471
1507944680570	Marionette	WARN	TLS certificate errors will be ignored for this session
1507944680783	Marionette	DEBUG	loaded listener.js
1507944680814	Marionette	DEBUG	Received DOM event "beforeunload" for "about:blank"
2017-10-13 21:31:20.867 plugin-container[21411:4201337] *** CFMessagePort: bootstrap_register(): failed 1100 (0x44c) 'Permission denied', port = 0x9c3b, name = 'com.apple.tsm.portname'
See /usr/include/servers/bootstrap_defs.h for the error codes.
2017-10-13 21:31:20.870 plugin-container[21411:4201337] *** CFMessagePort: bootstrap_register(): failed 1100 (0x44c) 'Permission denied', port = 0x9f03, name = 'com.apple.CFPasteboardClient'
See /usr/include/servers/bootstrap_defs.h for the error codes.
1507944681133	Marionette	DEBUG	Received DOM event "pagehide" for "about:blank"
1507944681133	Marionette	DEBUG	Received DOM event "unload" for "about:blank"
1507944681518	Marionette	DEBUG	Received DOM event "DOMContentLoaded" for "https://accounts.google.com/"
1507944681862	Marionette	DEBUG	Received observer notification "outer-window-destroyed" for "2147483654"
1507944681884	Marionette	DEBUG	Received DOM event "DOMContentLoaded" for "https://accounts.youtube.com/accounts/CheckConnection?pmpo=https%3A%2F%2Faccounts.google.com&v=-266073638&timestamp=1507944681693"
1507944681886	Marionette	DEBUG	Received DOM event "pageshow" for "https://accounts.youtube.com/accounts/CheckConnection?pmpo=https%3A%2F%2Faccounts.google.com&v=-266073638&timestamp=1507944681693"
1507944681890	Marionette	DEBUG	Received DOM event "pageshow" for "https://accounts.google.com/"
1507944683220	Marionette	DEBUG	Received DOM event "beforeunload" for "https://accounts.google.com/"
1507944683515	Marionette	DEBUG	Received DOM event "beforeunload" for "https://accounts.google.com/"
1507944683849	Marionette	DEBUG	Received DOM event "pagehide" for "https://accounts.google.com/"
1507944683851	Marionette	DEBUG	Received DOM event "unload" for "https://accounts.google.com/"
1507944686506	Marionette	DEBUG	Received DOM event "DOMContentLoaded" for "https://console.cloud.google.com/"
1507944686509	Marionette	DEBUG	Received observer notification "outer-window-destroyed" for "2147483653"
1507944686602	Marionette	DEBUG	Received DOM event "DOMContentLoaded" for "https://console.cloud.google.com/"
1507944686605	Marionette	DEBUG	Received DOM event "pageshow" for "https://console.cloud.google.com/"
1507944687034	Marionette	DEBUG	Received DOM event "DOMContentLoaded" for "https://cloudusersettings-pa.clients6.google.com/static/proxy.html?usegapi=1&jsh=m%3B%2F_%2Fscs%2Fapps-static%2F_%2Fjs%2Fk%3Doz.gapi.en.Vp0hmOnIKqA.O%2Fm%3D__features__%2Fam%3DAQ%2Frt%3Dj%2Fd%3D1%2Frs%3DAGLTcCNk08eHdQYFiFL-3A6Ef55rFY6GHQ#parent=https%3A%2F%2Fconsole.cloud.google.com&rpctoken=548805922"
1507944687034	Marionette	DEBUG	Received DOM event "DOMContentLoaded" for "https://accounts.google.com/o/oauth2/postmessageRelay?parent=https%3A%2F%2Fconsole.cloud.google.com&jsh=m%3B%2F_%2Fscs%2Fapps-static%2F_%2Fjs%2Fk%3Doz.gapi.en.Vp0hmOnIKqA.O%2Fm%3D__features__%2Fam%3DAQ%2Frt%3Dj%2Fd%3D1%2Frs%3DAGLTcCNk08eHdQYFiFL-3A6Ef55rFY6GHQ#rpctoken=839791744&forcesecure=1"
1507944688387	Marionette	DEBUG	Received DOM event "pageshow" for "https://accounts.google.com/o/oauth2/postmessageRelay?parent=https%3A%2F%2Fconsole.cloud.google.com&jsh=m%3B%2F_%2Fscs%2Fapps-static%2F_%2Fjs%2Fk%3Doz.gapi.en.Vp0hmOnIKqA.O%2Fm%3D__features__%2Fam%3DAQ%2Frt%3Dj%2Fd%3D1%2Frs%3DAGLTcCNk08eHdQYFiFL-3A6Ef55rFY6GHQ#rpctoken=839791744&forcesecure=1"
1507944688656	Marionette	DEBUG	Received DOM event "pageshow" for "https://cloudusersettings-pa.clients6.google.com/static/proxy.html?usegapi=1&jsh=m%3B%2F_%2Fscs%2Fapps-static%2F_%2Fjs%2Fk%3Doz.gapi.en.Vp0hmOnIKqA.O%2Fm%3D__features__%2Fam%3DAQ%2Frt%3Dj%2Fd%3D1%2Frs%3DAGLTcCNk08eHdQYFiFL-3A6Ef55rFY6GHQ#parent=https%3A%2F%2Fconsole.cloud.google.com&rpctoken=548805922"
1507944688685	Marionette	DEBUG	Received DOM event "pageshow" for "https://console.cloud.google.com/"
